#
# A fatal error has been detected by the Java Runtime Environment:
#
#  EXCEPTION_ACCESS_VIOLATION (0xc0000005) at pc=0x00007ff96c596490, pid=16224, tid=15944
#
# JRE version: Java(TM) SE Runtime Environment (11.0.4+10) (build 11.0.4+10-LTS)
# Java VM: Java HotSpot(TM) 64-Bit Server VM (11.0.4+10-LTS, mixed mode, tiered, compressed oops, g1 gc, windows-amd64)
# Problematic frame:
# C  [glfw.dll+0x6490]
#
# No core dump will be written. Minidumps are not enabled by default on client versions of Windows
#
# If you would like to submit a bug report, please visit:
#   http://bugreport.java.com/bugreport/crash.jsp
# The crash happened outside the Java Virtual Machine in native code.
# See problematic frame for where to report the bug.
#

---------------  S U M M A R Y ------------

Command Line: -Djava.library.path=D:\Crux proj\library -Dfile.encoding=Cp1252 sample

Host: Intel(R) Core(TM) i3-7020U CPU @ 2.30GHz, 4 cores, 11G,  Windows 10 , 64 bit Build 17763 (10.0.17763.475)
Time: Sun Sep  8 12:00:30 2019 India Standard Time elapsed time: 3 seconds (0d 0h 0m 3s)

---------------  T H R E A D  ---------------

Current thread (0x0000018f05d84000):  JavaThread "main" [_thread_in_native, id=15944, stack(0x0000004250600000,0x0000004250700000)]

Stack: [0x0000004250600000,0x0000004250700000],  sp=0x00000042506ff460,  free space=1021k
Native frames: (J=compiled Java code, j=interpreted, Vv=VM code, C=native code)
C  [glfw.dll+0x6490]

Java frames: (J=compiled Java code, j=interpreted, Vv=VM code)
J 685  org.lwjgl.system.JNI.invokePV(JJ)V (0 bytes) @ 0x0000018f15bc4594 [0x0000018f15bc4540+0x0000000000000054]
j  org.lwjgl.glfw.GLFW.glfwDestroyWindow(J)V+6
j  sample.main([Ljava/lang/String;)V+212
v  ~StubRoutines::call_stub

siginfo: EXCEPTION_ACCESS_VIOLATION (0xc0000005), reading address 0x0000000000000000


Register to memory mapping:

RIP=0x00007ff96c596490 glfw.dll
RAX=0x0 is NULL
RBX=0x0000018f276f7da0 points into unknown readable memory: 30 d8 af 27 8f 01 00 00
RCX=0x0 is NULL
RDX=0x00007ff96c5e7ee0 glfw.dll
RSP=0x00000042506ff460 is pointing into the stack for thread: 0x0000018f05d84000
RBP=0x00000042506ff4f0 is pointing into the stack for thread: 0x0000018f05d84000
RSI=0x0000000000000140 is an unknown value
RDI=0x0000000000005a4f is an unknown value
R8 =0x0000018f276f7da0 points into unknown readable memory: 30 d8 af 27 8f 01 00 00
R9 =0x00007ff96c5963e0 glfw.dll
R10=0x00007ff96e781b10 lwjgl.dll
R11=0x0000018f15bc4568 is at entry_point+40 in (nmethod*)0x0000018f15bc4390
R12=0x0 is NULL
R13=0x00000042506ff508 is pointing into the stack for thread: 0x0000018f05d84000
R14=0x00000042506ff4e0 is pointing into the stack for thread: 0x0000018f05d84000
R15=0x0000018f05d84000 is a thread


Registers:
RAX=0x0000000000000000, RBX=0x0000018f276f7da0, RCX=0x0000000000000000, RDX=0x00007ff96c5e7ee0
RSP=0x00000042506ff460, RBP=0x00000042506ff4f0, RSI=0x0000000000000140, RDI=0x0000000000005a4f
R8 =0x0000018f276f7da0, R9 =0x00007ff96c5963e0, R10=0x00007ff96e781b10, R11=0x0000018f15bc4568
R12=0x0000000000000000, R13=0x00000042506ff508, R14=0x00000042506ff4e0, R15=0x0000018f05d84000
RIP=0x00007ff96c596490, EFLAGS=0x0000000000010287

Top of Stack: (sp=0x00000042506ff460)
0x00000042506ff460:   0000018f276f7da0 0000018f15bc3d39
0x00000042506ff470:   ffffffffaf011089 00007ff980a1aabe
0x00000042506ff480:   0000018f26e1e1b0 0000018f15bc4634
0x00000042506ff490:   00007ff96c5939b0 000000000000b2f0
0x00000042506ff4a0:   ffffffffaf011089 00007ff981914cd1
0x00000042506ff4b0:   0000000000000000 0000018f15bc3d39
0x00000042506ff4c0:   00001beef5c124b1 000000074cfbcd20
0x00000042506ff4d0:   0000000000005a4e 0000018f15bc4a34
0x00000042506ff4e0:   000000074cfbcd20 0000018f0e78d954
0x00000042506ff4f0:   00000042506ff570 0000018f0e0d9e67
0x00000042506ff500:   0000018f0e0d9e67 00007ff96c5963e0
0x00000042506ff510:   0000000000000000 0000018f276f7da0
0x00000042506ff520:   0000000000000000 00000042506ff528
0x00000042506ff530:   0000018f26b37cde 00000042506ff598
0x00000042506ff540:   0000018f26b4b288 0000000000000000
0x00000042506ff550:   000000074cfcbb28 0000018f26b37d10 

Instructions: (pc=0x00007ff96c596490)
0x00007ff96c596470:   48 8b 0d 69 1a 05 00 48 8d 15 62 1a 05 00 48 3b
0x00007ff96c596480:   cb 74 1b 0f 1f 40 00 66 0f 1f 84 00 00 00 00 00
0x00007ff96c596490:   48 8b 01 48 8b d1 48 8b c8 48 3b c3 75 f2 48 8b
0x00007ff96c5964a0:   03 48 8b cb 48 89 02 48 83 c4 20 5b e9 97 27 01 


Stack slot to memory mapping:
stack at sp + 0 slots: 0x0000018f276f7da0 points into unknown readable memory: 30 d8 af 27 8f 01 00 00
stack at sp + 1 slots: 0x0000018f15bc3d39 is at entry_point+249 in (nmethod*)0x0000018f15bc3a90
stack at sp + 2 slots: 0xffffffffaf011089 is an unknown value
stack at sp + 3 slots: 0x00007ff980a1aabe KERNELBASE.dll
stack at sp + 4 slots: {method} {0x0000018f26e1e1b8} 'invokePV' '(JJ)V' in 'org/lwjgl/system/JNI'
stack at sp + 5 slots: 0x0000018f15bc4634 is at entry_point+244 in (nmethod*)0x0000018f15bc4390
stack at sp + 6 slots: 0x00007ff96c5939b0 glfw.dll
stack at sp + 7 slots: 0x000000000000b2f0 is an unknown value


---------------  P R O C E S S  ---------------

Threads class SMR info:
_java_thread_list=0x0000018f270a2f30, length=10, elements={
0x0000018f05d84000, 0x0000018f266c3800, 0x0000018f26ef8800, 0x0000018f26f56800,
0x0000018f26f5a000, 0x0000018f26f5c000, 0x0000018f266c8000, 0x0000018f266ca000,
0x0000018f270b3800, 0x0000018f270ba800
}

Java Threads: ( => current thread )
=>0x0000018f05d84000 JavaThread "main" [_thread_in_native, id=15944, stack(0x0000004250600000,0x0000004250700000)]
  0x0000018f266c3800 JavaThread "Reference Handler" daemon [_thread_blocked, id=6168, stack(0x0000004250d00000,0x0000004250e00000)]
  0x0000018f26ef8800 JavaThread "Finalizer" daemon [_thread_blocked, id=10208, stack(0x0000004250e00000,0x0000004250f00000)]
  0x0000018f26f56800 JavaThread "Signal Dispatcher" daemon [_thread_blocked, id=8080, stack(0x0000004250f00000,0x0000004251000000)]
  0x0000018f26f5a000 JavaThread "Attach Listener" daemon [_thread_blocked, id=15564, stack(0x0000004251000000,0x0000004251100000)]
  0x0000018f26f5c000 JavaThread "C2 CompilerThread0" daemon [_thread_blocked, id=14872, stack(0x0000004251100000,0x0000004251200000)]
  0x0000018f266c8000 JavaThread "C1 CompilerThread0" daemon [_thread_blocked, id=3452, stack(0x0000004251200000,0x0000004251300000)]
  0x0000018f266ca000 JavaThread "Sweeper thread" daemon [_thread_blocked, id=13880, stack(0x0000004251300000,0x0000004251400000)]
  0x0000018f270b3800 JavaThread "Service Thread" daemon [_thread_blocked, id=17496, stack(0x0000004251400000,0x0000004251500000)]
  0x0000018f270ba800 JavaThread "Common-Cleaner" daemon [_thread_blocked, id=17884, stack(0x0000004251600000,0x0000004251700000)]

Other Threads:
  0x0000018f266bf000 VMThread "VM Thread" [stack: 0x0000004250c00000,0x0000004250d00000] [id=13792]
  0x0000018f270ba000 WatcherThread [stack: 0x0000004251500000,0x0000004251600000] [id=14148]
  0x0000018f05d9b000 GCTaskThread "GC Thread#0" [stack: 0x0000004250700000,0x0000004250800000] [id=15208]
  0x0000018f27a4b000 GCTaskThread "GC Thread#1" [stack: 0x0000004251c00000,0x0000004251d00000] [id=13224]
  0x0000018f27bce000 GCTaskThread "GC Thread#2" [stack: 0x0000004251d00000,0x0000004251e00000] [id=17464]
  0x0000018f31d3f800 GCTaskThread "GC Thread#3" [stack: 0x0000004251e00000,0x0000004251f00000] [id=10768]
  0x0000018f05de2000 ConcurrentGCThread "G1 Main Marker" [stack: 0x0000004250800000,0x0000004250900000] [id=16628]
  0x0000018f05de3800 ConcurrentGCThread "G1 Conc#0" [stack: 0x0000004250900000,0x0000004250a00000] [id=18064]
  0x0000018f05e5d800 ConcurrentGCThread "G1 Refine#0" [stack: 0x0000004250a00000,0x0000004250b00000] [id=13772]
  0x0000018f2652b800 ConcurrentGCThread "G1 Young RemSet Sampling" [stack: 0x0000004250b00000,0x0000004250c00000] [id=11460]

Threads with active compile tasks:

VM state:not at safepoint (normal execution)

VM Mutex/Monitor currently owned by a thread: None

Heap address: 0x0000000742000000, size: 3040 MB, Compressed Oops mode: Zero based, Oop shift amount: 3
Narrow klass base: 0x0000000800000000, Narrow klass shift: 0
Compressed class space size: 1073741824 Address: 0x0000000800000000

Heap:
 garbage-first heap   total 194560K, used 5031K [0x0000000742000000, 0x0000000800000000)
  region size 1024K, 6 young (6144K), 2 survivors (2048K)
 Metaspace       used 11169K, capacity 11346K, committed 11648K, reserved 1060864K
  class space    used 776K, capacity 827K, committed 896K, reserved 1048576K
Heap Regions: E=young(eden), S=young(survivor), O=old, HS=humongous(starts), HC=humongous(continues), CS=collection set, F=free, A=archive, TAMS=top-at-mark-start (previous, next)
|   0|0x0000000742000000, 0x0000000742000000, 0x0000000742100000|  0%| F|  |TAMS 0x0000000742000000, 0x0000000742000000| Untracked 
|   1|0x0000000742100000, 0x0000000742100000, 0x0000000742200000|  0%| F|  |TAMS 0x0000000742100000, 0x0000000742100000| Untracked 
|   2|0x0000000742200000, 0x0000000742200000, 0x0000000742300000|  0%| F|  |TAMS 0x0000000742200000, 0x0000000742200000| Untracked 
|   3|0x0000000742300000, 0x0000000742300000, 0x0000000742400000|  0%| F|  |TAMS 0x0000000742300000, 0x0000000742300000| Untracked 
|   4|0x0000000742400000, 0x0000000742400000, 0x0000000742500000|  0%| F|  |TAMS 0x0000000742400000, 0x0000000742400000| Untracked 
|   5|0x0000000742500000, 0x0000000742500000, 0x0000000742600000|  0%| F|  |TAMS 0x0000000742500000, 0x0000000742500000| Untracked 
|   6|0x0000000742600000, 0x0000000742600000, 0x0000000742700000|  0%| F|  |TAMS 0x0000000742600000, 0x0000000742600000| Untracked 
|   7|0x0000000742700000, 0x0000000742700000, 0x0000000742800000|  0%| F|  |TAMS 0x0000000742700000, 0x0000000742700000| Untracked 
|   8|0x0000000742800000, 0x0000000742800000, 0x0000000742900000|  0%| F|  |TAMS 0x0000000742800000, 0x0000000742800000| Untracked 
|   9|0x0000000742900000, 0x0000000742900000, 0x0000000742a00000|  0%| F|  |TAMS 0x0000000742900000, 0x0000000742900000| Untracked 
|  10|0x0000000742a00000, 0x0000000742a00000, 0x0000000742b00000|  0%| F|  |TAMS 0x0000000742a00000, 0x0000000742a00000| Untracked 
|  11|0x0000000742b00000, 0x0000000742b00000, 0x0000000742c00000|  0%| F|  |TAMS 0x0000000742b00000, 0x0000000742b00000| Untracked 
|  12|0x0000000742c00000, 0x0000000742c00000, 0x0000000742d00000|  0%| F|  |TAMS 0x0000000742c00000, 0x0000000742c00000| Untracked 
|  13|0x0000000742d00000, 0x0000000742d00000, 0x0000000742e00000|  0%| F|  |TAMS 0x0000000742d00000, 0x0000000742d00000| Untracked 
|  14|0x0000000742e00000, 0x0000000742e00000, 0x0000000742f00000|  0%| F|  |TAMS 0x0000000742e00000, 0x0000000742e00000| Untracked 
|  15|0x0000000742f00000, 0x0000000742f00000, 0x0000000743000000|  0%| F|  |TAMS 0x0000000742f00000, 0x0000000742f00000| Untracked 
|  16|0x0000000743000000, 0x0000000743000000, 0x0000000743100000|  0%| F|  |TAMS 0x0000000743000000, 0x0000000743000000| Untracked 
|  17|0x0000000743100000, 0x0000000743100000, 0x0000000743200000|  0%| F|  |TAMS 0x0000000743100000, 0x0000000743100000| Untracked 
|  18|0x0000000743200000, 0x0000000743200000, 0x0000000743300000|  0%| F|  |TAMS 0x0000000743200000, 0x0000000743200000| Untracked 
|  19|0x0000000743300000, 0x0000000743300000, 0x0000000743400000|  0%| F|  |TAMS 0x0000000743300000, 0x0000000743300000| Untracked 
|  20|0x0000000743400000, 0x0000000743400000, 0x0000000743500000|  0%| F|  |TAMS 0x0000000743400000, 0x0000000743400000| Untracked 
|  21|0x0000000743500000, 0x0000000743500000, 0x0000000743600000|  0%| F|  |TAMS 0x0000000743500000, 0x0000000743500000| Untracked 
|  22|0x0000000743600000, 0x0000000743600000, 0x0000000743700000|  0%| F|  |TAMS 0x0000000743600000, 0x0000000743600000| Untracked 
|  23|0x0000000743700000, 0x0000000743700000, 0x0000000743800000|  0%| F|  |TAMS 0x0000000743700000, 0x0000000743700000| Untracked 
|  24|0x0000000743800000, 0x0000000743800000, 0x0000000743900000|  0%| F|  |TAMS 0x0000000743800000, 0x0000000743800000| Untracked 
|  25|0x0000000743900000, 0x0000000743900000, 0x0000000743a00000|  0%| F|  |TAMS 0x0000000743900000, 0x0000000743900000| Untracked 
|  26|0x0000000743a00000, 0x0000000743a00000, 0x0000000743b00000|  0%| F|  |TAMS 0x0000000743a00000, 0x0000000743a00000| Untracked 
|  27|0x0000000743b00000, 0x0000000743b00000, 0x0000000743c00000|  0%| F|  |TAMS 0x0000000743b00000, 0x0000000743b00000| Untracked 
|  28|0x0000000743c00000, 0x0000000743c00000, 0x0000000743d00000|  0%| F|  |TAMS 0x0000000743c00000, 0x0000000743c00000| Untracked 
|  29|0x0000000743d00000, 0x0000000743d00000, 0x0000000743e00000|  0%| F|  |TAMS 0x0000000743d00000, 0x0000000743d00000| Untracked 
|  30|0x0000000743e00000, 0x0000000743e00000, 0x0000000743f00000|  0%| F|  |TAMS 0x0000000743e00000, 0x0000000743e00000| Untracked 
|  31|0x0000000743f00000, 0x0000000743f00000, 0x0000000744000000|  0%| F|  |TAMS 0x0000000743f00000, 0x0000000743f00000| Untracked 
|  32|0x0000000744000000, 0x0000000744000000, 0x0000000744100000|  0%| F|  |TAMS 0x0000000744000000, 0x0000000744000000| Untracked 
|  33|0x0000000744100000, 0x0000000744100000, 0x0000000744200000|  0%| F|  |TAMS 0x0000000744100000, 0x0000000744100000| Untracked 
|  34|0x0000000744200000, 0x0000000744200000, 0x0000000744300000|  0%| F|  |TAMS 0x0000000744200000, 0x0000000744200000| Untracked 
|  35|0x0000000744300000, 0x0000000744300000, 0x0000000744400000|  0%| F|  |TAMS 0x0000000744300000, 0x0000000744300000| Untracked 
|  36|0x0000000744400000, 0x0000000744400000, 0x0000000744500000|  0%| F|  |TAMS 0x0000000744400000, 0x0000000744400000| Untracked 
|  37|0x0000000744500000, 0x0000000744500000, 0x0000000744600000|  0%| F|  |TAMS 0x0000000744500000, 0x0000000744500000| Untracked 
|  38|0x0000000744600000, 0x0000000744600000, 0x0000000744700000|  0%| F|  |TAMS 0x0000000744600000, 0x0000000744600000| Untracked 
|  39|0x0000000744700000, 0x0000000744700000, 0x0000000744800000|  0%| F|  |TAMS 0x0000000744700000, 0x0000000744700000| Untracked 
|  40|0x0000000744800000, 0x0000000744800000, 0x0000000744900000|  0%| F|  |TAMS 0x0000000744800000, 0x0000000744800000| Untracked 
|  41|0x0000000744900000, 0x0000000744900000, 0x0000000744a00000|  0%| F|  |TAMS 0x0000000744900000, 0x0000000744900000| Untracked 
|  42|0x0000000744a00000, 0x0000000744a00000, 0x0000000744b00000|  0%| F|  |TAMS 0x0000000744a00000, 0x0000000744a00000| Untracked 
|  43|0x0000000744b00000, 0x0000000744b00000, 0x0000000744c00000|  0%| F|  |TAMS 0x0000000744b00000, 0x0000000744b00000| Untracked 
|  44|0x0000000744c00000, 0x0000000744c00000, 0x0000000744d00000|  0%| F|  |TAMS 0x0000000744c00000, 0x0000000744c00000| Untracked 
|  45|0x0000000744d00000, 0x0000000744d00000, 0x0000000744e00000|  0%| F|  |TAMS 0x0000000744d00000, 0x0000000744d00000| Untracked 
|  46|0x0000000744e00000, 0x0000000744e00000, 0x0000000744f00000|  0%| F|  |TAMS 0x0000000744e00000, 0x0000000744e00000| Untracked 
|  47|0x0000000744f00000, 0x0000000744f00000, 0x0000000745000000|  0%| F|  |TAMS 0x0000000744f00000, 0x0000000744f00000| Untracked 
|  48|0x0000000745000000, 0x0000000745000000, 0x0000000745100000|  0%| F|  |TAMS 0x0000000745000000, 0x0000000745000000| Untracked 
|  49|0x0000000745100000, 0x0000000745100000, 0x0000000745200000|  0%| F|  |TAMS 0x0000000745100000, 0x0000000745100000| Untracked 
|  50|0x0000000745200000, 0x0000000745200000, 0x0000000745300000|  0%| F|  |TAMS 0x0000000745200000, 0x0000000745200000| Untracked 
|  51|0x0000000745300000, 0x0000000745300000, 0x0000000745400000|  0%| F|  |TAMS 0x0000000745300000, 0x0000000745300000| Untracked 
|  52|0x0000000745400000, 0x0000000745400000, 0x0000000745500000|  0%| F|  |TAMS 0x0000000745400000, 0x0000000745400000| Untracked 
|  53|0x0000000745500000, 0x0000000745500000, 0x0000000745600000|  0%| F|  |TAMS 0x0000000745500000, 0x0000000745500000| Untracked 
|  54|0x0000000745600000, 0x0000000745600000, 0x0000000745700000|  0%| F|  |TAMS 0x0000000745600000, 0x0000000745600000| Untracked 
|  55|0x0000000745700000, 0x0000000745700000, 0x0000000745800000|  0%| F|  |TAMS 0x0000000745700000, 0x0000000745700000| Untracked 
|  56|0x0000000745800000, 0x0000000745800000, 0x0000000745900000|  0%| F|  |TAMS 0x0000000745800000, 0x0000000745800000| Untracked 
|  57|0x0000000745900000, 0x0000000745900000, 0x0000000745a00000|  0%| F|  |TAMS 0x0000000745900000, 0x0000000745900000| Untracked 
|  58|0x0000000745a00000, 0x0000000745a00000, 0x0000000745b00000|  0%| F|  |TAMS 0x0000000745a00000, 0x0000000745a00000| Untracked 
|  59|0x0000000745b00000, 0x0000000745b00000, 0x0000000745c00000|  0%| F|  |TAMS 0x0000000745b00000, 0x0000000745b00000| Untracked 
|  60|0x0000000745c00000, 0x0000000745c00000, 0x0000000745d00000|  0%| F|  |TAMS 0x0000000745c00000, 0x0000000745c00000| Untracked 
|  61|0x0000000745d00000, 0x0000000745d00000, 0x0000000745e00000|  0%| F|  |TAMS 0x0000000745d00000, 0x0000000745d00000| Untracked 
|  62|0x0000000745e00000, 0x0000000745e00000, 0x0000000745f00000|  0%| F|  |TAMS 0x0000000745e00000, 0x0000000745e00000| Untracked 
|  63|0x0000000745f00000, 0x0000000745f00000, 0x0000000746000000|  0%| F|  |TAMS 0x0000000745f00000, 0x0000000745f00000| Untracked 
|  64|0x0000000746000000, 0x0000000746000000, 0x0000000746100000|  0%| F|  |TAMS 0x0000000746000000, 0x0000000746000000| Untracked 
|  65|0x0000000746100000, 0x0000000746100000, 0x0000000746200000|  0%| F|  |TAMS 0x0000000746100000, 0x0000000746100000| Untracked 
|  66|0x0000000746200000, 0x0000000746200000, 0x0000000746300000|  0%| F|  |TAMS 0x0000000746200000, 0x0000000746200000| Untracked 
|  67|0x0000000746300000, 0x0000000746300000, 0x0000000746400000|  0%| F|  |TAMS 0x0000000746300000, 0x0000000746300000| Untracked 
|  68|0x0000000746400000, 0x0000000746400000, 0x0000000746500000|  0%| F|  |TAMS 0x0000000746400000, 0x0000000746400000| Untracked 
|  69|0x0000000746500000, 0x0000000746500000, 0x0000000746600000|  0%| F|  |TAMS 0x0000000746500000, 0x0000000746500000| Untracked 
|  70|0x0000000746600000, 0x0000000746600000, 0x0000000746700000|  0%| F|  |TAMS 0x0000000746600000, 0x0000000746600000| Untracked 
|  71|0x0000000746700000, 0x0000000746700000, 0x0000000746800000|  0%| F|  |TAMS 0x0000000746700000, 0x0000000746700000| Untracked 
|  72|0x0000000746800000, 0x0000000746800000, 0x0000000746900000|  0%| F|  |TAMS 0x0000000746800000, 0x0000000746800000| Untracked 
|  73|0x0000000746900000, 0x0000000746900000, 0x0000000746a00000|  0%| F|  |TAMS 0x0000000746900000, 0x0000000746900000| Untracked 
|  74|0x0000000746a00000, 0x0000000746a00000, 0x0000000746b00000|  0%| F|  |TAMS 0x0000000746a00000, 0x0000000746a00000| Untracked 
|  75|0x0000000746b00000, 0x0000000746b00000, 0x0000000746c00000|  0%| F|  |TAMS 0x0000000746b00000, 0x0000000746b00000| Untracked 
|  76|0x0000000746c00000, 0x0000000746c00000, 0x0000000746d00000|  0%| F|  |TAMS 0x0000000746c00000, 0x0000000746c00000| Untracked 
|  77|0x0000000746d00000, 0x0000000746d00000, 0x0000000746e00000|  0%| F|  |TAMS 0x0000000746d00000, 0x0000000746d00000| Untracked 
|  78|0x0000000746e00000, 0x0000000746e00000, 0x0000000746f00000|  0%| F|  |TAMS 0x0000000746e00000, 0x0000000746e00000| Untracked 
|  79|0x0000000746f00000, 0x0000000746f00000, 0x0000000747000000|  0%| F|  |TAMS 0x0000000746f00000, 0x0000000746f00000| Untracked 
|  80|0x0000000747000000, 0x0000000747000000, 0x0000000747100000|  0%| F|  |TAMS 0x0000000747000000, 0x0000000747000000| Untracked 
|  81|0x0000000747100000, 0x0000000747100000, 0x0000000747200000|  0%| F|  |TAMS 0x0000000747100000, 0x0000000747100000| Untracked 
|  82|0x0000000747200000, 0x0000000747200000, 0x0000000747300000|  0%| F|  |TAMS 0x0000000747200000, 0x0000000747200000| Untracked 
|  83|0x0000000747300000, 0x0000000747300000, 0x0000000747400000|  0%| F|  |TAMS 0x0000000747300000, 0x0000000747300000| Untracked 
|  84|0x0000000747400000, 0x0000000747400000, 0x0000000747500000|  0%| F|  |TAMS 0x0000000747400000, 0x0000000747400000| Untracked 
|  85|0x0000000747500000, 0x0000000747500000, 0x0000000747600000|  0%| F|  |TAMS 0x0000000747500000, 0x0000000747500000| Untracked 
|  86|0x0000000747600000, 0x0000000747600000, 0x0000000747700000|  0%| F|  |TAMS 0x0000000747600000, 0x0000000747600000| Untracked 
|  87|0x0000000747700000, 0x0000000747700000, 0x0000000747800000|  0%| F|  |TAMS 0x0000000747700000, 0x0000000747700000| Untracked 
|  88|0x0000000747800000, 0x0000000747800000, 0x0000000747900000|  0%| F|  |TAMS 0x0000000747800000, 0x0000000747800000| Untracked 
|  89|0x0000000747900000, 0x0000000747900000, 0x0000000747a00000|  0%| F|  |TAMS 0x0000000747900000, 0x0000000747900000| Untracked 
|  90|0x0000000747a00000, 0x0000000747a00000, 0x0000000747b00000|  0%| F|  |TAMS 0x0000000747a00000, 0x0000000747a00000| Untracked 
|  91|0x0000000747b00000, 0x0000000747b00000, 0x0000000747c00000|  0%| F|  |TAMS 0x0000000747b00000, 0x0000000747b00000| Untracked 
|  92|0x0000000747c00000, 0x0000000747c00000, 0x0000000747d00000|  0%| F|  |TAMS 0x0000000747c00000, 0x0000000747c00000| Untracked 
|  93|0x0000000747d00000, 0x0000000747d00000, 0x0000000747e00000|  0%| F|  |TAMS 0x0000000747d00000, 0x0000000747d00000| Untracked 
|  94|0x0000000747e00000, 0x0000000747e00000, 0x0000000747f00000|  0%| F|  |TAMS 0x0000000747e00000, 0x0000000747e00000| Untracked 
|  95|0x0000000747f00000, 0x0000000747f00000, 0x0000000748000000|  0%| F|  |TAMS 0x0000000747f00000, 0x0000000747f00000| Untracked 
|  96|0x0000000748000000, 0x0000000748000000, 0x0000000748100000|  0%| F|  |TAMS 0x0000000748000000, 0x0000000748000000| Untracked 
|  97|0x0000000748100000, 0x0000000748100000, 0x0000000748200000|  0%| F|  |TAMS 0x0000000748100000, 0x0000000748100000| Untracked 
|  98|0x0000000748200000, 0x0000000748200000, 0x0000000748300000|  0%| F|  |TAMS 0x0000000748200000, 0x0000000748200000| Untracked 
|  99|0x0000000748300000, 0x0000000748300000, 0x0000000748400000|  0%| F|  |TAMS 0x0000000748300000, 0x0000000748300000| Untracked 
| 100|0x0000000748400000, 0x0000000748400000, 0x0000000748500000|  0%| F|  |TAMS 0x0000000748400000, 0x0000000748400000| Untracked 
| 101|0x0000000748500000, 0x0000000748500000, 0x0000000748600000|  0%| F|  |TAMS 0x0000000748500000, 0x0000000748500000| Untracked 
| 102|0x0000000748600000, 0x0000000748600000, 0x0000000748700000|  0%| F|  |TAMS 0x0000000748600000, 0x0000000748600000| Untracked 
| 103|0x0000000748700000, 0x0000000748700000, 0x0000000748800000|  0%| F|  |TAMS 0x0000000748700000, 0x0000000748700000| Untracked 
| 104|0x0000000748800000, 0x0000000748800000, 0x0000000748900000|  0%| F|  |TAMS 0x0000000748800000, 0x0000000748800000| Untracked 
| 105|0x0000000748900000, 0x0000000748900000, 0x0000000748a00000|  0%| F|  |TAMS 0x0000000748900000, 0x0000000748900000| Untracked 
| 106|0x0000000748a00000, 0x0000000748a00000, 0x0000000748b00000|  0%| F|  |TAMS 0x0000000748a00000, 0x0000000748a00000| Untracked 
| 107|0x0000000748b00000, 0x0000000748b00000, 0x0000000748c00000|  0%| F|  |TAMS 0x0000000748b00000, 0x0000000748b00000| Untracked 
| 108|0x0000000748c00000, 0x0000000748c00000, 0x0000000748d00000|  0%| F|  |TAMS 0x0000000748c00000, 0x0000000748c00000| Untracked 
| 109|0x0000000748d00000, 0x0000000748d00000, 0x0000000748e00000|  0%| F|  |TAMS 0x0000000748d00000, 0x0000000748d00000| Untracked 
| 110|0x0000000748e00000, 0x0000000748e00000, 0x0000000748f00000|  0%| F|  |TAMS 0x0000000748e00000, 0x0000000748e00000| Untracked 
| 111|0x0000000748f00000, 0x0000000748f00000, 0x0000000749000000|  0%| F|  |TAMS 0x0000000748f00000, 0x0000000748f00000| Untracked 
| 112|0x0000000749000000, 0x0000000749000000, 0x0000000749100000|  0%| F|  |TAMS 0x0000000749000000, 0x0000000749000000| Untracked 
| 113|0x0000000749100000, 0x0000000749100000, 0x0000000749200000|  0%| F|  |TAMS 0x0000000749100000, 0x0000000749100000| Untracked 
| 114|0x0000000749200000, 0x0000000749200000, 0x0000000749300000|  0%| F|  |TAMS 0x0000000749200000, 0x0000000749200000| Untracked 
| 115|0x0000000749300000, 0x0000000749300000, 0x0000000749400000|  0%| F|  |TAMS 0x0000000749300000, 0x0000000749300000| Untracked 
| 116|0x0000000749400000, 0x0000000749400000, 0x0000000749500000|  0%| F|  |TAMS 0x0000000749400000, 0x0000000749400000| Untracked 
| 117|0x0000000749500000, 0x0000000749500000, 0x0000000749600000|  0%| F|  |TAMS 0x0000000749500000, 0x0000000749500000| Untracked 
| 118|0x0000000749600000, 0x0000000749600000, 0x0000000749700000|  0%| F|  |TAMS 0x0000000749600000, 0x0000000749600000| Untracked 
| 119|0x0000000749700000, 0x0000000749700000, 0x0000000749800000|  0%| F|  |TAMS 0x0000000749700000, 0x0000000749700000| Untracked 
| 120|0x0000000749800000, 0x0000000749800000, 0x0000000749900000|  0%| F|  |TAMS 0x0000000749800000, 0x0000000749800000| Untracked 
| 121|0x0000000749900000, 0x0000000749900000, 0x0000000749a00000|  0%| F|  |TAMS 0x0000000749900000, 0x0000000749900000| Untracked 
| 122|0x0000000749a00000, 0x0000000749a00000, 0x0000000749b00000|  0%| F|  |TAMS 0x0000000749a00000, 0x0000000749a00000| Untracked 
| 123|0x0000000749b00000, 0x0000000749b00000, 0x0000000749c00000|  0%| F|  |TAMS 0x0000000749b00000, 0x0000000749b00000| Untracked 
| 124|0x0000000749c00000, 0x0000000749c00000, 0x0000000749d00000|  0%| F|  |TAMS 0x0000000749c00000, 0x0000000749c00000| Untracked 
| 125|0x0000000749d00000, 0x0000000749d00000, 0x0000000749e00000|  0%| F|  |TAMS 0x0000000749d00000, 0x0000000749d00000| Untracked 
| 126|0x0000000749e00000, 0x0000000749e00000, 0x0000000749f00000|  0%| F|  |TAMS 0x0000000749e00000, 0x0000000749e00000| Untracked 
| 127|0x0000000749f00000, 0x0000000749f00000, 0x000000074a000000|  0%| F|  |TAMS 0x0000000749f00000, 0x0000000749f00000| Untracked 
| 128|0x000000074a000000, 0x000000074a000000, 0x000000074a100000|  0%| F|  |TAMS 0x000000074a000000, 0x000000074a000000| Untracked 
| 129|0x000000074a100000, 0x000000074a100000, 0x000000074a200000|  0%| F|  |TAMS 0x000000074a100000, 0x000000074a100000| Untracked 
| 130|0x000000074a200000, 0x000000074a200000, 0x000000074a300000|  0%| F|  |TAMS 0x000000074a200000, 0x000000074a200000| Untracked 
| 131|0x000000074a300000, 0x000000074a300000, 0x000000074a400000|  0%| F|  |TAMS 0x000000074a300000, 0x000000074a300000| Untracked 
| 132|0x000000074a400000, 0x000000074a400000, 0x000000074a500000|  0%| F|  |TAMS 0x000000074a400000, 0x000000074a400000| Untracked 
| 133|0x000000074a500000, 0x000000074a500000, 0x000000074a600000|  0%| F|  |TAMS 0x000000074a500000, 0x000000074a500000| Untracked 
| 134|0x000000074a600000, 0x000000074a600000, 0x000000074a700000|  0%| F|  |TAMS 0x000000074a600000, 0x000000074a600000| Untracked 
| 135|0x000000074a700000, 0x000000074a700000, 0x000000074a800000|  0%| F|  |TAMS 0x000000074a700000, 0x000000074a700000| Untracked 
| 136|0x000000074a800000, 0x000000074a800000, 0x000000074a900000|  0%| F|  |TAMS 0x000000074a800000, 0x000000074a800000| Untracked 
| 137|0x000000074a900000, 0x000000074a900000, 0x000000074aa00000|  0%| F|  |TAMS 0x000000074a900000, 0x000000074a900000| Untracked 
| 138|0x000000074aa00000, 0x000000074aa00000, 0x000000074ab00000|  0%| F|  |TAMS 0x000000074aa00000, 0x000000074aa00000| Untracked 
| 139|0x000000074ab00000, 0x000000074ab00000, 0x000000074ac00000|  0%| F|  |TAMS 0x000000074ab00000, 0x000000074ab00000| Untracked 
| 140|0x000000074ac00000, 0x000000074ac00000, 0x000000074ad00000|  0%| F|  |TAMS 0x000000074ac00000, 0x000000074ac00000| Untracked 
| 141|0x000000074ad00000, 0x000000074ad00000, 0x000000074ae00000|  0%| F|  |TAMS 0x000000074ad00000, 0x000000074ad00000| Untracked 
| 142|0x000000074ae00000, 0x000000074ae00000, 0x000000074af00000|  0%| F|  |TAMS 0x000000074ae00000, 0x000000074ae00000| Untracked 
| 143|0x000000074af00000, 0x000000074af00000, 0x000000074b000000|  0%| F|  |TAMS 0x000000074af00000, 0x000000074af00000| Untracked 
| 144|0x000000074b000000, 0x000000074b000000, 0x000000074b100000|  0%| F|  |TAMS 0x000000074b000000, 0x000000074b000000| Untracked 
| 145|0x000000074b100000, 0x000000074b100000, 0x000000074b200000|  0%| F|  |TAMS 0x000000074b100000, 0x000000074b100000| Untracked 
| 146|0x000000074b200000, 0x000000074b200000, 0x000000074b300000|  0%| F|  |TAMS 0x000000074b200000, 0x000000074b200000| Untracked 
| 147|0x000000074b300000, 0x000000074b300000, 0x000000074b400000|  0%| F|  |TAMS 0x000000074b300000, 0x000000074b300000| Untracked 
| 148|0x000000074b400000, 0x000000074b400000, 0x000000074b500000|  0%| F|  |TAMS 0x000000074b400000, 0x000000074b400000| Untracked 
| 149|0x000000074b500000, 0x000000074b500000, 0x000000074b600000|  0%| F|  |TAMS 0x000000074b500000, 0x000000074b500000| Untracked 
| 150|0x000000074b600000, 0x000000074b600000, 0x000000074b700000|  0%| F|  |TAMS 0x000000074b600000, 0x000000074b600000| Untracked 
| 151|0x000000074b700000, 0x000000074b700000, 0x000000074b800000|  0%| F|  |TAMS 0x000000074b700000, 0x000000074b700000| Untracked 
| 152|0x000000074b800000, 0x000000074b800000, 0x000000074b900000|  0%| F|  |TAMS 0x000000074b800000, 0x000000074b800000| Untracked 
| 153|0x000000074b900000, 0x000000074b900000, 0x000000074ba00000|  0%| F|  |TAMS 0x000000074b900000, 0x000000074b900000| Untracked 
| 154|0x000000074ba00000, 0x000000074ba00000, 0x000000074bb00000|  0%| F|  |TAMS 0x000000074ba00000, 0x000000074ba00000| Untracked 
| 155|0x000000074bb00000, 0x000000074bb00000, 0x000000074bc00000|  0%| F|  |TAMS 0x000000074bb00000, 0x000000074bb00000| Untracked 
| 156|0x000000074bc00000, 0x000000074bc00000, 0x000000074bd00000|  0%| F|  |TAMS 0x000000074bc00000, 0x000000074bc00000| Untracked 
| 157|0x000000074bd00000, 0x000000074bd00000, 0x000000074be00000|  0%| F|  |TAMS 0x000000074bd00000, 0x000000074bd00000| Untracked 
| 158|0x000000074be00000, 0x000000074be00000, 0x000000074bf00000|  0%| F|  |TAMS 0x000000074be00000, 0x000000074be00000| Untracked 
| 159|0x000000074bf00000, 0x000000074bf00000, 0x000000074c000000|  0%| F|  |TAMS 0x000000074bf00000, 0x000000074bf00000| Untracked 
| 160|0x000000074c000000, 0x000000074c000000, 0x000000074c100000|  0%| F|  |TAMS 0x000000074c000000, 0x000000074c000000| Untracked 
| 161|0x000000074c100000, 0x000000074c100000, 0x000000074c200000|  0%| F|  |TAMS 0x000000074c100000, 0x000000074c100000| Untracked 
| 162|0x000000074c200000, 0x000000074c200000, 0x000000074c300000|  0%| F|  |TAMS 0x000000074c200000, 0x000000074c200000| Untracked 
| 163|0x000000074c300000, 0x000000074c300000, 0x000000074c400000|  0%| F|  |TAMS 0x000000074c300000, 0x000000074c300000| Untracked 
| 164|0x000000074c400000, 0x000000074c400000, 0x000000074c500000|  0%| F|  |TAMS 0x000000074c400000, 0x000000074c400000| Untracked 
| 165|0x000000074c500000, 0x000000074c500000, 0x000000074c600000|  0%| F|  |TAMS 0x000000074c500000, 0x000000074c500000| Untracked 
| 166|0x000000074c600000, 0x000000074c600000, 0x000000074c700000|  0%| F|  |TAMS 0x000000074c600000, 0x000000074c600000| Untracked 
| 167|0x000000074c700000, 0x000000074c700000, 0x000000074c800000|  0%| F|  |TAMS 0x000000074c700000, 0x000000074c700000| Untracked 
| 168|0x000000074c800000, 0x000000074c800000, 0x000000074c900000|  0%| F|  |TAMS 0x000000074c800000, 0x000000074c800000| Untracked 
| 169|0x000000074c900000, 0x000000074c900000, 0x000000074ca00000|  0%| F|  |TAMS 0x000000074c900000, 0x000000074c900000| Untracked 
| 170|0x000000074ca00000, 0x000000074ca00000, 0x000000074cb00000|  0%| F|  |TAMS 0x000000074ca00000, 0x000000074ca00000| Untracked 
| 171|0x000000074cb00000, 0x000000074cb00000, 0x000000074cc00000|  0%| F|  |TAMS 0x000000074cb00000, 0x000000074cb00000| Untracked 
| 172|0x000000074cc00000, 0x000000074cc00000, 0x000000074cd00000|  0%| F|  |TAMS 0x000000074cc00000, 0x000000074cc00000| Untracked 
| 173|0x000000074cd00000, 0x000000074cd00000, 0x000000074ce00000|  0%| F|  |TAMS 0x000000074cd00000, 0x000000074cd00000| Untracked 
| 174|0x000000074ce00000, 0x000000074cee9ed0, 0x000000074cf00000| 91%| S|CS|TAMS 0x000000074ce00000, 0x000000074ce00000| Complete 
| 175|0x000000074cf00000, 0x000000074d000000, 0x000000074d000000|100%| S|CS|TAMS 0x000000074cf00000, 0x000000074cf00000| Complete 
| 176|0x000000074d000000, 0x000000074d000000, 0x000000074d100000|  0%| F|  |TAMS 0x000000074d000000, 0x000000074d000000| Untracked 
| 177|0x000000074d100000, 0x000000074d100000, 0x000000074d200000|  0%| F|  |TAMS 0x000000074d100000, 0x000000074d100000| Untracked 
| 178|0x000000074d200000, 0x000000074d200000, 0x000000074d300000|  0%| F|  |TAMS 0x000000074d200000, 0x000000074d200000| Untracked 
| 179|0x000000074d300000, 0x000000074d300000, 0x000000074d400000|  0%| F|  |TAMS 0x000000074d300000, 0x000000074d300000| Untracked 
| 180|0x000000074d400000, 0x000000074d400000, 0x000000074d500000|  0%| F|  |TAMS 0x000000074d400000, 0x000000074d400000| Untracked 
| 181|0x000000074d500000, 0x000000074d500000, 0x000000074d600000|  0%| F|  |TAMS 0x000000074d500000, 0x000000074d500000| Untracked 
| 182|0x000000074d600000, 0x000000074d600000, 0x000000074d700000|  0%| F|  |TAMS 0x000000074d600000, 0x000000074d600000| Untracked 
| 183|0x000000074d700000, 0x000000074d700000, 0x000000074d800000|  0%| F|  |TAMS 0x000000074d700000, 0x000000074d700000| Untracked 
| 184|0x000000074d800000, 0x000000074d800000, 0x000000074d900000|  0%| F|  |TAMS 0x000000074d800000, 0x000000074d800000| Untracked 
| 185|0x000000074d900000, 0x000000074d900000, 0x000000074da00000|  0%| F|  |TAMS 0x000000074d900000, 0x000000074d900000| Untracked 
| 186|0x000000074da00000, 0x000000074da80800, 0x000000074db00000| 50%| E|  |TAMS 0x000000074da00000, 0x000000074da00000| Complete 
| 187|0x000000074db00000, 0x000000074dc00000, 0x000000074dc00000|100%| E|CS|TAMS 0x000000074db00000, 0x000000074db00000| Complete 
| 188|0x000000074dc00000, 0x000000074dd00000, 0x000000074dd00000|100%| E|CS|TAMS 0x000000074dc00000, 0x000000074dc00000| Complete 
| 189|0x000000074dd00000, 0x000000074de00000, 0x000000074de00000|100%| E|CS|TAMS 0x000000074dd00000, 0x000000074dd00000| Complete 

Card table byte_map: [0x0000018f1d6c0000,0x0000018f1dcb0000] _byte_map_base: 0x0000018f19cb0000

Marking Bits (Prev, Next): (CMBitMap*) 0x0000018f05dd5938, (CMBitMap*) 0x0000018f05dd5970
 Prev Bits: [0x0000018f1e2a0000, 0x0000018f21220000)
 Next Bits: [0x0000018f21220000, 0x0000018f241a0000)

Polling page: 0x0000018f03c00000

Metaspace:

Usage:
  Non-class:     10.27 MB capacity,    10.15 MB ( 99%) used,   115.79 KB (  1%) free+waste,    10.75 KB ( <1%) overhead. 
      Class:    827.00 KB capacity,   776.88 KB ( 94%) used,    46.24 KB (  6%) free+waste,     3.88 KB ( <1%) overhead. 
       Both:     11.08 MB capacity,    10.91 MB ( 98%) used,   162.03 KB (  1%) free+waste,    14.63 KB ( <1%) overhead. 

Virtual space:
  Non-class space:       12.00 MB reserved,      10.50 MB ( 88%) committed 
      Class space:        1.00 GB reserved,     896.00 KB ( <1%) committed 
             Both:        1.01 GB reserved,      11.38 MB (  1%) committed 

Chunk freelists:
   Non-Class:  13.13 KB
       Class:  640 bytes
        Both:  13.75 KB

CodeHeap 'non-profiled nmethods': size=120064Kb used=219Kb max_used=219Kb free=119844Kb
 bounds [0x0000018f15b90000, 0x0000018f15e00000, 0x0000018f1d0d0000]
CodeHeap 'profiled nmethods': size=120000Kb used=1210Kb max_used=1210Kb free=118789Kb
 bounds [0x0000018f0e660000, 0x0000018f0e8d0000, 0x0000018f15b90000]
CodeHeap 'non-nmethods': size=5696Kb used=1434Kb max_used=1447Kb free=4261Kb
 bounds [0x0000018f0e0d0000, 0x0000018f0e340000, 0x0000018f0e660000]
 total_blobs=1785 nmethods=701 adapters=829
 compilation: enabled
              stopped_count=0, restarted_count=0
 full_count=0

Compilation events (10 events):
Event: 1.229 Thread 0x0000018f266c8000  695       3       org.lwjgl.opengl.GL11::glClear (5 bytes)
Event: 1.229 Thread 0x0000018f266c8000 nmethod 695 0x0000018f0e78e790 code [0x0000018f0e78e940, 0x0000018f0e78eab0]
Event: 1.487 Thread 0x0000018f26f5c000  698       4       org.lwjgl.glfw.GLFW::glfwGetKey (22 bytes)
Event: 1.489 Thread 0x0000018f26f5c000 nmethod 698 0x0000018f15bc6090 code [0x0000018f15bc6220, 0x0000018f15bc62c8]
Event: 2.877 Thread 0x0000018f26f5c000  699       4       org.lwjgl.glfw.GLFW::glfwWindowShouldClose (29 bytes)
Event: 2.879 Thread 0x0000018f26f5c000 nmethod 699 0x0000018f15bc6390 code [0x0000018f15bc6540, 0x0000018f15bc65e8]
Event: 2.879 Thread 0x0000018f26f5c000  700       4       org.lwjgl.glfw.GLFW::glfwSwapBuffers (21 bytes)
Event: 2.880 Thread 0x0000018f26f5c000 nmethod 700 0x0000018f15bc6710 code [0x0000018f15bc68a0, 0x0000018f15bc6948]
Event: 2.917 Thread 0x0000018f26f5c000  701       4       org.lwjgl.opengl.GL11::glClear (5 bytes)
Event: 2.918 Thread 0x0000018f26f5c000 nmethod 701 0x0000018f15bc6a10 code [0x0000018f15bc6ba0, 0x0000018f15bc6c08]

GC Heap History (2 events):
Event: 0.856 GC heap before
{Heap before GC invocations=0 (full 0):
 garbage-first heap   total 194560K, used 14336K [0x0000000742000000, 0x0000000800000000)
  region size 1024K, 14 young (14336K), 0 survivors (0K)
 Metaspace       used 10460K, capacity 10610K, committed 10880K, reserved 1058816K
  class space    used 756K, capacity 795K, committed 896K, reserved 1048576K
}
Event: 0.859 GC heap after
{Heap after GC invocations=1 (full 0):
 garbage-first heap   total 194560K, used 1959K [0x0000000742000000, 0x0000000800000000)
  region size 1024K, 2 young (2048K), 2 survivors (2048K)
 Metaspace       used 10460K, capacity 10610K, committed 10880K, reserved 1058816K
  class space    used 756K, capacity 795K, committed 896K, reserved 1048576K
}

Deoptimization events (1 events):
Event: 0.149 Thread 0x0000018f05d84000 Uncommon trap: reason=unstable_if action=reinterpret pc=0x0000018f15b95274 method=java.lang.String.hashCode()I @ 14 c2

Classes redefined (0 events):
No events

Internal exceptions (10 events):
Event: 0.267 Thread 0x0000018f05d84000 Exception <a 'java/lang/NoSuchMethodError'{0x000000074dbb01b8}: java.lang.invoke.DelegatingMethodHandle$Holder.delegate(Ljava/lang/Object;Ljava/lang/Object;ILjava/lang/Object;)V> (0x000000074dbb01b8) thrown at [t:/workspace/open/src/hotspot/share/interpre
Event: 0.269 Thread 0x0000018f05d84000 Exception <a 'java/lang/NoSuchMethodError'{0x000000074dbb7550}: java.lang.invoke.DirectMethodHandle$Holder.invokeStaticInit(Ljava/lang/Object;Ljava/lang/Object;Ljava/lang/Object;)Ljava/lang/Object;> (0x000000074dbb7550) thrown at [t:/workspace/open/src/ho
Event: 0.327 Thread 0x0000018f05d84000 Exception <a 'sun/nio/fs/WindowsException'{0x000000074da763c0}> (0x000000074da763c0) thrown at [t:/workspace/open/src/hotspot/share/prims/jni.cpp, line 615]
Event: 0.327 Thread 0x0000018f05d84000 Exception <a 'sun/nio/fs/WindowsException'{0x000000074da76910}> (0x000000074da76910) thrown at [t:/workspace/open/src/hotspot/share/prims/jni.cpp, line 615]
Event: 0.370 Thread 0x0000018f05d84000 Exception <a 'sun/nio/fs/WindowsException'{0x000000074d9625f0}> (0x000000074d9625f0) thrown at [t:/workspace/open/src/hotspot/share/prims/jni.cpp, line 615]
Event: 0.370 Thread 0x0000018f05d84000 Exception <a 'sun/nio/fs/WindowsException'{0x000000074d962950}> (0x000000074d962950) thrown at [t:/workspace/open/src/hotspot/share/prims/jni.cpp, line 615]
Event: 0.603 Thread 0x0000018f05d84000 Exception <a 'sun/nio/fs/WindowsException'{0x000000074d88bbb0}> (0x000000074d88bbb0) thrown at [t:/workspace/open/src/hotspot/share/prims/jni.cpp, line 615]
Event: 0.603 Thread 0x0000018f05d84000 Exception <a 'sun/nio/fs/WindowsException'{0x000000074d88bf50}> (0x000000074d88bf50) thrown at [t:/workspace/open/src/hotspot/share/prims/jni.cpp, line 615]
Event: 0.611 Thread 0x0000018f05d84000 Exception <a 'sun/nio/fs/WindowsException'{0x000000074d8ae900}> (0x000000074d8ae900) thrown at [t:/workspace/open/src/hotspot/share/prims/jni.cpp, line 615]
Event: 0.612 Thread 0x0000018f05d84000 Exception <a 'sun/nio/fs/WindowsException'{0x000000074d8aebd0}> (0x000000074d8aebd0) thrown at [t:/workspace/open/src/hotspot/share/prims/jni.cpp, line 615]

Events (10 events):
Event: 0.906 loading class jdk/internal/reflect/UnsafeQualifiedLongFieldAccessorImpl
Event: 0.906 loading class jdk/internal/reflect/UnsafeQualifiedFieldAccessorImpl
Event: 0.906 loading class jdk/internal/reflect/UnsafeQualifiedFieldAccessorImpl done
Event: 0.906 loading class jdk/internal/reflect/UnsafeQualifiedLongFieldAccessorImpl done
Event: 0.906 loading class org/lwjgl/system/CheckIntrinsics
Event: 0.906 loading class org/lwjgl/system/CheckIntrinsics done
Event: 0.917 loading class org/lwjgl/system/MultiReleaseMemCopy
Event: 0.917 loading class org/lwjgl/system/MultiReleaseMemCopy done
Event: 0.919 loading class org/lwjgl/opengl/GL11C
Event: 0.919 loading class org/lwjgl/opengl/GL11C done


Dynamic libraries:
0x00007ff708f40000 - 0x00007ff708f87000 	C:\Program Files\Java\jdk-11.0.4\bin\javaw.exe
0x00007ff984810000 - 0x00007ff9849fd000 	C:\Windows\SYSTEM32\ntdll.dll
0x00007ff983320000 - 0x00007ff9833d3000 	C:\Windows\System32\KERNEL32.DLL
0x00007ff980a00000 - 0x00007ff980c93000 	C:\Windows\System32\KERNELBASE.dll
0x00007ff983e60000 - 0x00007ff983f03000 	C:\Windows\System32\ADVAPI32.dll
0x00007ff984260000 - 0x00007ff9842fe000 	C:\Windows\System32\msvcrt.dll
0x00007ff983490000 - 0x00007ff98352e000 	C:\Windows\System32\sechost.dll
0x00007ff984450000 - 0x00007ff984572000 	C:\Windows\System32\RPCRT4.dll
0x00007ff983c60000 - 0x00007ff983df7000 	C:\Windows\System32\USER32.dll
0x00007ff980e80000 - 0x00007ff980ea0000 	C:\Windows\System32\win32u.dll
0x00007ff9833e0000 - 0x00007ff983409000 	C:\Windows\System32\GDI32.dll
0x00007ff9818a0000 - 0x00007ff981a39000 	C:\Windows\System32\gdi32full.dll
0x00007ff980960000 - 0x00007ff980a00000 	C:\Windows\System32\msvcp_win.dll
0x00007ff980f50000 - 0x00007ff98104a000 	C:\Windows\System32\ucrtbase.dll
0x00007ff971070000 - 0x00007ff9712e9000 	C:\Windows\WinSxS\amd64_microsoft.windows.common-controls_6595b64144ccf1df_6.0.17763.678_none_05b74150071d72bf\COMCTL32.dll
0x00007ff975c80000 - 0x00007ff975c8a000 	C:\Windows\SYSTEM32\VERSION.dll
0x00007ff982ff0000 - 0x00007ff98331c000 	C:\Windows\System32\combase.dll
0x00007ff9808e0000 - 0x00007ff98095e000 	C:\Windows\System32\bcryptPrimitives.dll
0x00007ff984060000 - 0x00007ff98408e000 	C:\Windows\System32\IMM32.DLL
0x00007ff96fc80000 - 0x00007ff96fc96000 	C:\Program Files\Java\jdk-11.0.4\bin\vcruntime140.dll
0x00007ff96dce0000 - 0x00007ff96dd8a000 	C:\Program Files\Java\jdk-11.0.4\bin\msvcp140.dll
0x00007ff917b90000 - 0x00007ff9186b7000 	C:\Program Files\Java\jdk-11.0.4\bin\server\jvm.dll
0x00007ff982fe0000 - 0x00007ff982fe8000 	C:\Windows\System32\PSAPI.DLL
0x00007ff97b630000 - 0x00007ff97b639000 	C:\Windows\SYSTEM32\WSOCK32.dll
0x00007ff97dc70000 - 0x00007ff97dc94000 	C:\Windows\SYSTEM32\WINMM.dll
0x00007ff9841f0000 - 0x00007ff98425d000 	C:\Windows\System32\WS2_32.dll
0x00007ff97dc40000 - 0x00007ff97dc6d000 	C:\Windows\SYSTEM32\WINMMBASE.dll
0x00007ff980ea0000 - 0x00007ff980eea000 	C:\Windows\System32\cfgmgr32.dll
0x00007ff980810000 - 0x00007ff980821000 	C:\Windows\System32\kernel.appcore.dll
0x00007ff935c30000 - 0x00007ff935c41000 	C:\Program Files\Java\jdk-11.0.4\bin\verify.dll
0x00007ff97f1d0000 - 0x00007ff97f3bd000 	C:\Windows\SYSTEM32\DBGHELP.DLL
0x00007ff968c20000 - 0x00007ff968c4a000 	C:\Windows\SYSTEM32\dbgcore.DLL
0x00007ff935c00000 - 0x00007ff935c29000 	C:\Program Files\Java\jdk-11.0.4\bin\java.dll
0x00007ff935be0000 - 0x00007ff935bf6000 	C:\Program Files\Java\jdk-11.0.4\bin\zip.dll
0x00007ff95b140000 - 0x00007ff95b14a000 	C:\Program Files\Java\jdk-11.0.4\bin\jimage.dll
0x00007ff981a40000 - 0x00007ff982f30000 	C:\Windows\System32\SHELL32.dll
0x00007ff984730000 - 0x00007ff9847d8000 	C:\Windows\System32\shcore.dll
0x00007ff981150000 - 0x00007ff98189a000 	C:\Windows\System32\windows.storage.dll
0x00007ff9808b0000 - 0x00007ff9808d4000 	C:\Windows\System32\profapi.dll
0x00007ff980830000 - 0x00007ff98088d000 	C:\Windows\System32\powrprof.dll
0x00007ff983c00000 - 0x00007ff983c52000 	C:\Windows\System32\shlwapi.dll
0x00007ff981130000 - 0x00007ff981147000 	C:\Windows\System32\cryptsp.dll
0x00007ff933c60000 - 0x00007ff933c79000 	C:\Program Files\Java\jdk-11.0.4\bin\net.dll
0x00007ff972830000 - 0x00007ff972a07000 	C:\Windows\SYSTEM32\urlmon.dll
0x00007ff972bc0000 - 0x00007ff972cb2000 	C:\Windows\SYSTEM32\WINHTTP.dll
0x00007ff972ee0000 - 0x00007ff973188000 	C:\Windows\SYSTEM32\iertutil.dll
0x00007ff980250000 - 0x00007ff98025c000 	C:\Windows\SYSTEM32\CRYPTBASE.DLL
0x00007ff980080000 - 0x00007ff9800e7000 	C:\Windows\system32\mswsock.dll
0x00007ff92b620000 - 0x00007ff92b633000 	C:\Program Files\Java\jdk-11.0.4\bin\nio.dll
0x00007ff96e780000 - 0x00007ff96e7e4000 	C:\Users\Dell\AppData\Local\Temp\lwjglDell\3.2.3-build-13\lwjgl.dll
0x00007ff96c590000 - 0x00007ff96c5f2000 	C:\Users\Dell\AppData\Local\Temp\lwjglDell\3.2.3-build-13\glfw.dll
0x00007ff97e000000 - 0x00007ff97e09c000 	C:\Windows\system32\uxtheme.dll
0x00007ff96d630000 - 0x00007ff96d674000 	C:\Windows\SYSTEM32\dinput8.dll
0x00007ff96fbd0000 - 0x00007ff96fbe1000 	C:\Windows\SYSTEM32\xinput1_4.dll
0x00007ff980640000 - 0x00007ff980669000 	C:\Windows\SYSTEM32\DEVOBJ.dll
0x00007ff97eb40000 - 0x00007ff97eb6e000 	C:\Windows\SYSTEM32\dwmapi.dll
0x00007ff980ca0000 - 0x00007ff980e7b000 	C:\Windows\System32\CRYPT32.dll
0x00007ff980890000 - 0x00007ff9808a2000 	C:\Windows\System32\MSASN1.dll
0x00007ff974590000 - 0x00007ff97465c000 	C:\Windows\SYSTEM32\inputhost.dll
0x00007ff97dab0000 - 0x00007ff97db92000 	C:\Windows\SYSTEM32\CoreMessaging.dll
0x00007ff97eb70000 - 0x00007ff97ed7d000 	C:\Windows\SYSTEM32\twinapi.appcore.dll
0x00007ff97baf0000 - 0x00007ff97be12000 	C:\Windows\SYSTEM32\CoreUIComponents.dll
0x00007ff97e8f0000 - 0x00007ff97ea98000 	C:\Windows\SYSTEM32\PROPSYS.dll
0x00007ff97cd30000 - 0x00007ff97cfae000 	C:\Windows\SYSTEM32\d3d11.dll
0x00007ff97cfb0000 - 0x00007ff97d56e000 	C:\Windows\SYSTEM32\d2d1.dll
0x00007ff984300000 - 0x00007ff9843c4000 	C:\Windows\System32\OLEAUT32.dll
0x00007ff97ed80000 - 0x00007ff97eda8000 	C:\Windows\SYSTEM32\RMCLIENT.dll
0x00007ff97f880000 - 0x00007ff97f8b1000 	C:\Windows\SYSTEM32\ntmarta.dll
0x00007ff97b7a0000 - 0x00007ff97b8f3000 	C:\Windows\SYSTEM32\wintypes.dll
0x00007ff97f540000 - 0x00007ff97f602000 	C:\Windows\SYSTEM32\dxgi.dll
0x00007ff9839b0000 - 0x00007ff983b1b000 	C:\Windows\System32\MSCTF.dll
0x00007ff97f120000 - 0x00007ff97f12e000 	C:\Windows\SYSTEM32\HID.DLL
0x00007ff983530000 - 0x00007ff9839a6000 	C:\Windows\System32\SETUPAPI.DLL
0x00007ff981050000 - 0x00007ff981076000 	C:\Windows\System32\bcrypt.dll
0x00007ff980ef0000 - 0x00007ff980f49000 	C:\Windows\System32\WINTRUST.dll
0x00007ff96eef0000 - 0x00007ff96f017000 	C:\Windows\SYSTEM32\opengl32.dll
0x00007ff970660000 - 0x00007ff97068c000 	C:\Windows\SYSTEM32\GLU32.dll
0x00007ff8fffe0000 - 0x00007ff900e73000 	C:\Windows\System32\DriverStore\FileRepository\iigd_dch_base.inf_amd64_b95c9a044993331b\ig9icd64.dll
0x00007ff9630b0000 - 0x00007ff963192000 	C:\Windows\System32\DriverStore\FileRepository\iigd_dch_base.inf_amd64_b95c9a044993331b\igdgmm64.dll
0x00007ff9770f0000 - 0x00007ff979055000 	C:\Windows\System32\DriverStore\FileRepository\iigd_dch_base.inf_amd64_b95c9a044993331b\igc64.dll
0x00007ff974660000 - 0x00007ff9746f5000 	C:\Windows\System32\TextInputFramework.dll
0x00007ff96c700000 - 0x00007ff96c759000 	C:\Users\Dell\AppData\Local\Temp\lwjglDell\3.2.3-build-13\lwjgl_opengl.dll

dbghelp: loaded successfully - version: 4.0.5 - missing functions: none
symbol engine: initialized successfully - sym options: 0x614 - pdb path: .;C:\Program Files\Java\jdk-11.0.4\bin;C:\Windows\SYSTEM32;C:\Windows\WinSxS\amd64_microsoft.windows.common-controls_6595b64144ccf1df_6.0.17763.678_none_05b74150071d72bf;C:\Program Files\Java\jdk-11.0.4\bin\server;C:\Users\Dell\AppData\Local\Temp\lwjglDell\3.2.3-build-13;C:\Windows\System32\DriverStore\FileRepository\iigd_dch_base.inf_amd64_b95c9a044993331b

VM Arguments:
jvm_args: -Djava.library.path=D:\Crux proj\library -Dfile.encoding=Cp1252 
java_command: sample
java_class_path (initial): D:\Eclipse\workspace\CruxGame3\bin;D:\Crux proj\library\lwjgl.jar;D:\Crux proj\library\lwjgl-stb.jar;D:\Crux proj\library\lwjgl-stb-javadoc.jar;D:\Crux proj\library\lwjgl-stb-natives-linux.jar;D:\Crux proj\library\lwjgl-stb-natives-macos.jar;D:\Crux proj\library\lwjgl-stb-natives-windows.jar;D:\Crux proj\library\lwjgl-stb-sources.jar;D:\Crux proj\library\lwjgl-assimp.jar;D:\Crux proj\library\lwjgl-assimp-javadoc.jar;D:\Crux proj\library\lwjgl-assimp-natives-linux.jar;D:\Crux proj\library\lwjgl-assimp-natives-macos.jar;D:\Crux proj\library\lwjgl-assimp-natives-windows.jar;D:\Crux proj\library\lwjgl-assimp-sources.jar;D:\Crux proj\library\lwjgl-glfw.jar;D:\Crux proj\library\lwjgl-glfw-javadoc.jar;D:\Crux proj\library\lwjgl-glfw-natives-linux.jar;D:\Crux proj\library\lwjgl-glfw-natives-macos.jar;D:\Crux proj\library\lwjgl-glfw-natives-windows.jar;D:\Crux proj\library\lwjgl-glfw-sources.jar;D:\Crux proj\library\lwjgl-natives-linux.jar;D:\Crux proj\library\lwjgl-natives-macos.jar;D:\Crux proj\library\lwjgl-natives-windows.jar;D:\Crux proj\library\lwjgl-openal.jar;D:\Crux proj\library\lwjgl-openal-javadoc.jar;D:\Crux proj\library\lwjgl-openal-natives-linux.jar;D:\Crux proj\library\lwjgl-openal-natives-macos.jar;D:\Crux proj\library\lwjgl-openal-natives-windows.jar;D:\Crux proj\library\lwjgl-openal-sources.jar;D:\Crux proj\library\lwjgl-opengl-javadoc.jar;D:\Crux proj\library\lwjgl-opengl-natives-linux.jar;D:\Crux proj\library\lwjgl-opengl-natives-macos.jar;D:\Crux proj\library\lwjgl-opengl-natives-windows.jar;D:\Crux proj\library\lwjgl-opengl-sources.jar;D:\Crux proj\library\lwjgl-opengl.jar
Launcher Type: SUN_STANDARD

[Global flags]
     intx CICompilerCount                          = 3                                         {product} {ergonomic}
     uint ConcGCThreads                            = 1                                         {product} {ergonomic}
     uint G1ConcRefinementThreads                  = 4                                         {product} {ergonomic}
   size_t G1HeapRegionSize                         = 1048576                                   {product} {ergonomic}
    uintx GCDrainStackTargetSize                   = 64                                        {product} {ergonomic}
   size_t InitialHeapSize                          = 199229440                                 {product} {ergonomic}
   size_t MarkStackSize                            = 4194304                                   {product} {ergonomic}
   size_t MaxHeapSize                              = 3187671040                                {product} {ergonomic}
   size_t MaxNewSize                               = 1912602624                                {product} {ergonomic}
   size_t MinHeapDeltaBytes                        = 1048576                                   {product} {ergonomic}
    uintx NonNMethodCodeHeapSize                   = 5830092                                {pd product} {ergonomic}
    uintx NonProfiledCodeHeapSize                  = 122914074                              {pd product} {ergonomic}
    uintx ProfiledCodeHeapSize                     = 122914074                              {pd product} {ergonomic}
    uintx ReservedCodeCacheSize                    = 251658240                              {pd product} {ergonomic}
     bool SegmentedCodeCache                       = true                                      {product} {ergonomic}
     bool UseCompressedClassPointers               = true                                 {lp64_product} {ergonomic}
     bool UseCompressedOops                        = true                                 {lp64_product} {ergonomic}
     bool UseG1GC                                  = true                                      {product} {ergonomic}
     bool UseLargePagesIndividualAllocation        = false                                  {pd product} {ergonomic}

Logging:
Log output configuration:
 #0: stdout all=warning uptime,level,tags
 #1: stderr all=off uptime,level,tags

Environment Variables:
PATH=C:/Program Files/Java/jdk-11.0.4/bin/server;C:/Program Files/Java/jdk-11.0.4/bin;C:\Program Files (x86)\Intel\Intel(R) Management Engine Components\iCLS\;C:\Program Files\Intel\Intel(R) Management Engine Components\iCLS\;C:\Windows\system32;C:\Windows;C:\Windows\System32\Wbem;C:\Windows\System32\WindowsPowerShell\v1.0\;C:\Windows\System32\OpenSSH\;C:\Program Files (x86)\Intel\Intel(R) Management Engine Components\DAL;C:\Program Files\Intel\Intel(R) Management Engine Components\DAL;C:\Users\Dell\AppData\Local\Programs\Python\Python37-32\Scripts\;C:\Users\Dell\AppData\Local\Programs\Python\Python37-32\;C:\Users\Dell\AppData\Local\Microsoft\WindowsApps;;C:\Users\Dell\Downloads;
USERNAME=Dell
OS=Windows_NT
PROCESSOR_IDENTIFIER=Intel64 Family 6 Model 142 Stepping 10, GenuineIntel



---------------  S Y S T E M  ---------------

OS: Windows 10 , 64 bit Build 17763 (10.0.17763.475)

CPU:total 4 (initial active 4) (2 cores per cpu, 2 threads per core) family 6 model 142 stepping 10, cmov, cx8, fxsr, mmx, sse, sse2, sse3, ssse3, sse4.1, sse4.2, popcnt, avx, avx2, aes, clmul, erms, 3dnowpref, lzcnt, ht, tsc, tscinvbit, bmi1, bmi2, adx, fma

Memory: 4k page, system-wide physical 12153M (6487M free)
TotalPageFile size 14009M (AvailPageFile size 6469M)
current process WorkingSet (physical memory assigned to process): 89M, peak: 103M
current process commit charge ("private bytes"): 287M, peak: 288M

vm_info: Java HotSpot(TM) 64-Bit Server VM (11.0.4+10-LTS) for windows-amd64 JRE (11.0.4+10-LTS), built on Jul  4 2019 16:28:13 by "mach5one" with MS VC++ 15.5 (VS2017)

END.
